<?xml version="1.0" encoding="UTF-8"?>
<!-- Generated by org.testng.reporters.JUnitReportReporter -->
<testsuite hostname="LAPTOP-38D869DN" failures="0" tests="1" name="tests.GetUsers" time="5.441" errors="0" timestamp="2023-02-15T19:36:52 GMT-05:00" skipped="0">
  <testcase classname="tests.GetUsers" name="getAllUsers" time="5.441"/>
  <system-out/>
</testsuite> <!-- tests.GetUsers -->
